<?xml version="1.0" encoding="UTF-8"?>
<testng-results ignored="0" total="1" passed="1" failed="0" skipped="0">
  <reporter-output>
  </reporter-output>
  <suite started-at="2025-07-09T01:51:06 PDT" name="Default suite" finished-at="2025-07-09T01:51:12 PDT" duration-ms="6080">
    <groups>
    </groups>
    <test started-at="2025-07-09T01:51:06 PDT" name="Default test" finished-at="2025-07-09T01:51:12 PDT" duration-ms="6080">
      <class name="testcases.AdminLoginWithValidCredential">
        <test-method is-config="true" signature="LauchApp()[pri:0, instance:testcases.AdminLoginWithValidCredential@7d8995e]" started-at="2025-07-09T01:50:30 PDT" name="LauchApp" finished-at="2025-07-09T01:51:06 PDT" duration-ms="35963" status="PASS">
          <reporter-output>
          </reporter-output>
        </test-method> <!-- LauchApp -->
        <test-method signature="AdminLogin()[pri:0, instance:testcases.AdminLoginWithValidCredential@7d8995e]" started-at="2025-07-09T01:51:06 PDT" name="AdminLogin" finished-at="2025-07-09T01:51:12 PDT" duration-ms="5982" status="PASS">
          <reporter-output>
          </reporter-output>
        </test-method> <!-- AdminLogin -->
        <test-method is-config="true" signature="closeApp()[pri:0, instance:testcases.AdminLoginWithValidCredential@7d8995e]" started-at="2025-07-09T01:51:12 PDT" name="closeApp" finished-at="2025-07-09T01:51:13 PDT" duration-ms="1106" status="PASS">
          <reporter-output>
          </reporter-output>
        </test-method> <!-- closeApp -->
      </class> <!-- testcases.AdminLoginWithValidCredential -->
    </test> <!-- Default test -->
  </suite> <!-- Default suite -->
</testng-results>
